info: server running on port 3000
info: Connected to MongoDB
info: server running on port 3000
info: Connected to MongoDB
info: [2024-01-13T13:15:30.518Z] OPTIONS /login
info: server running on port 3000
info: Connected to MongoDB
info: [2024-01-13T13:20:36.132Z] POST /auth/login
info: server running on port 3000
info: Connected to MongoDB
info: [2024-01-13T13:23:00.377Z] POST /auth/login
info: server running on port 3000
info: Connected to MongoDB
info: server running on port 3000
info: Connected to MongoDB
info: server running on port 3000
info: Connected to MongoDB
info: server running on port 3000
info: Connected to MongoDB
info: server running on port 3000
info: Connected to MongoDB
info: server running on port 3000
info: Connected to MongoDB
info: server running on port 3000
info: Connected to MongoDB
info: server running on port 3000
info: Connected to MongoDB
info: server running on port 3000
info: Connected to MongoDB
info: server running on port 3000
info: Connected to MongoDB
info: server running on port 3000
info: Connected to MongoDB
info: server running on port 3000
info: Connected to MongoDB
info: server running on port 3000
info: Connected to MongoDB
info: server running on port 3000
info: Connected to MongoDB
info: server running on port 3000
info: Connected to MongoDB
info: [2024-01-13T13:33:22.934Z] POST /auth/login
info: [2024-01-13T13:35:18.954Z] POST /auth/login
info: server running on port 3000
info: Connected to MongoDB
info: server running on port 3000
info: Connected to MongoDB
info: [2024-01-13T13:37:07.674Z] POST /auth/login
info: server running on port 3000
info: Connected to MongoDB
info: [2024-01-13T13:38:39.768Z] POST /auth/login
info: server running on port 3000
info: Connected to MongoDB
info: server running on port 3000
info: Connected to MongoDB
info: server running on port 3000
info: Connected to MongoDB
info: [2024-01-13T13:39:41.908Z] POST /auth/login
info: server running on port 3000
info: Connected to MongoDB
info: server running on port 3000
info: Connected to MongoDB
info: [2024-01-13T13:41:06.389Z] POST /auth/login
info: server running on port 3000
info: Connected to MongoDB
info: [2024-01-13T13:41:32.754Z] POST /login
info: server running on port 3000
info: Connected to MongoDB
info: [2024-01-13T13:42:55.701Z] POST /auth/login
info: server running on port 3000
info: Connected to MongoDB
info: server running on port 3000
info: Connected to MongoDB
info: [2024-01-13T13:46:15.119Z] POST /auth/login
info: server running on port 3000
info: Connected to MongoDB
info: server running on port 3000
info: Connected to MongoDB
info: server running on port 3000
info: Connected to MongoDB
info: [2024-01-13T13:47:01.956Z] POST /auth/login
info: server running on port 3000
info: Connected to MongoDB
